<?xml version="1.0" encoding="UTF-8"?>
<!-- Generated by org.testng.reporters.JUnitXMLReporter -->
<testsuite hostname="GA-MBP-2020-gerius" ignored="0" name="Default test" tests="1" failures="1" timestamp="2022-02-09T13:56:43 EST" time="0.816" errors="0">
  <testcase name="feature" time="0.459" classname="TestRunner.TestRunner">
    <failure type="java.lang.NullPointerException">
      <![CDATA[java.lang.NullPointerException
at Listeners.ExtentReportListener.testStepHandle(ExtentReportListener.java:50)
at StepDefinition.TrustyCare.opentheURL(TrustyCare.java:106)
at ✽.user launches TC Url1(./features/AddBeneWithPlan.feature:6)
]]>
    </failure>
  </testcase> <!-- feature -->
</testsuite> <!-- Default test -->
