<?xml version="1.0" encoding="UTF-8"?>
<!-- Generated by org.testng.reporters.JUnitReportReporter -->
<testsuite skipped="0" hostname="GA-MBP-2020-gerius" name="TestRunner.TestRunner" tests="1" failures="0" timestamp="2022-03-02T11:09:28 EST" time="36.881" errors="1">
  <testcase name="feature" time="36.881" classname="TestRunner.TestRunner">
    <error type="java.lang.NullPointerException">
      <![CDATA[java.lang.NullPointerException
at Listeners.ExtentReportListener.testStepHandle(ExtentReportListener.java:50)
at StepDefinition.TrustyCare.closeTheBrowser(TrustyCare.java:1110)
at ✽.Close the browser(./features/ViewBatchDetails.feature:13)
]]>
    </error>
  </testcase> <!-- feature -->
  <system-out/>
</testsuite> <!-- TestRunner.TestRunner -->
