<?xml version="1.0" encoding="UTF-8"?>
<!-- Generated by org.testng.reporters.JUnitXMLReporter -->
<testsuite hostname="GA-MBP-2020-gerius" ignored="0" name="Automation Test Report" tests="1" failures="1" timestamp="2022-03-02T11:09:28 EST" time="37.236" errors="0">
  <testcase name="feature" time="36.881" classname="TestRunner.TestRunner">
    <failure type="java.lang.NullPointerException">
      <![CDATA[java.lang.NullPointerException
at Listeners.ExtentReportListener.testStepHandle(ExtentReportListener.java:50)
at StepDefinition.TrustyCare.closeTheBrowser(TrustyCare.java:1110)
at ✽.Close the browser(./features/ViewBatchDetails.feature:13)
]]>
    </failure>
  </testcase> <!-- feature -->
</testsuite> <!-- Automation Test Report -->
